2025-02-28 14:39:08.095 -07:00 [WRN] [SettingsScope] [Update] "./.tui/config.json" does not exist.
2025-02-28 14:39:08.107 -07:00 [WRN] [SettingsScope] [Update] "./.tui/UICatalog.config.json" does not exist.
2025-02-28 14:39:08.107 -07:00 [WRN] [SettingsScope] [Update] "C:\Users\Tig/.tui/UICatalog.config.json" does not exist.
2025-02-28 14:39:15.752 -07:00 [VRB] [ConfigurationManager] [Load] reset = False
2025-02-28 14:39:15.757 -07:00 [VRB] [SettingsScope] [Update] Read from "resource://[UICatalog]/UICatalog.Resources.config.json"
2025-02-28 14:39:15.757 -07:00 [VRB] [SettingsScope] [Update] Read from "ConfigurationManager.RuntimeConfig"
2025-02-28 14:39:15.757 -07:00 [WRN] [SettingsScope] [Update] "./.tui/config.json" does not exist.
2025-02-28 14:39:15.759 -07:00 [VRB] [SettingsScope] [Update] Read from "~/.tui/config.json"
2025-02-28 14:39:15.759 -07:00 [WRN] [SettingsScope] [Update] "./.tui/UICatalog.config.json" does not exist.
2025-02-28 14:39:15.759 -07:00 [WRN] [SettingsScope] [Update] "C:\Users\Tig/.tui/UICatalog.config.json" does not exist.
2025-02-28 14:39:16.989 -07:00 [VRB] [ConfigurationManager] [Load] reset = False
2025-02-28 14:39:17.000 -07:00 [VRB] [SettingsScope] [Update] Read from "resource://[UICatalog]/UICatalog.Resources.config.json"
2025-02-28 14:39:17.000 -07:00 [VRB] [SettingsScope] [Update] Read from "ConfigurationManager.RuntimeConfig"
2025-02-28 14:39:17.000 -07:00 [WRN] [SettingsScope] [Update] "./.tui/config.json" does not exist.
2025-02-28 14:39:17.004 -07:00 [VRB] [SettingsScope] [Update] Read from "~/.tui/config.json"
2025-02-28 14:39:17.004 -07:00 [WRN] [SettingsScope] [Update] "./.tui/UICatalog.config.json" does not exist.
2025-02-28 14:39:17.004 -07:00 [WRN] [SettingsScope] [Update] "C:\Users\Tig/.tui/UICatalog.config.json" does not exist.
2025-02-28 14:39:18.469 -07:00 [VRB] [ConfigurationManager] [Load] reset = False
2025-02-28 14:39:18.472 -07:00 [VRB] [SettingsScope] [Update] Read from "resource://[UICatalog]/UICatalog.Resources.config.json"
2025-02-28 14:39:18.472 -07:00 [VRB] [SettingsScope] [Update] Read from "ConfigurationManager.RuntimeConfig"
2025-02-28 14:39:18.473 -07:00 [WRN] [SettingsScope] [Update] "./.tui/config.json" does not exist.
2025-02-28 14:39:18.474 -07:00 [VRB] [SettingsScope] [Update] Read from "~/.tui/config.json"
2025-02-28 14:39:18.474 -07:00 [WRN] [SettingsScope] [Update] "./.tui/UICatalog.config.json" does not exist.
2025-02-28 14:39:18.474 -07:00 [WRN] [SettingsScope] [Update] "C:\Users\Tig/.tui/UICatalog.config.json" does not exist.
2025-02-28 14:39:19.528 -07:00 [VRB] [ConfigurationManager] [Load] reset = False
2025-02-28 14:39:19.532 -07:00 [VRB] [SettingsScope] [Update] Read from "resource://[UICatalog]/UICatalog.Resources.config.json"
2025-02-28 14:39:19.532 -07:00 [VRB] [SettingsScope] [Update] Read from "ConfigurationManager.RuntimeConfig"
2025-02-28 14:39:19.532 -07:00 [WRN] [SettingsScope] [Update] "./.tui/config.json" does not exist.
2025-02-28 14:39:19.534 -07:00 [VRB] [SettingsScope] [Update] Read from "~/.tui/config.json"
2025-02-28 14:39:19.534 -07:00 [WRN] [SettingsScope] [Update] "./.tui/UICatalog.config.json" does not exist.
2025-02-28 14:39:19.534 -07:00 [WRN] [SettingsScope] [Update] "C:\Users\Tig/.tui/UICatalog.config.json" does not exist.
2025-02-28 14:41:06.236 -07:00 [WRN] [SettingsScope] [Update] "./.tui/config.json" does not exist.
2025-02-28 14:41:06.247 -07:00 [WRN] [SettingsScope] [Update] "./.tui/UICatalog.config.json" does not exist.
2025-02-28 14:41:06.247 -07:00 [WRN] [SettingsScope] [Update] "C:\Users\Tig/.tui/UICatalog.config.json" does not exist.
